<?xml version="1.0" encoding="UTF-8"?>
<!-- Generated by org.testng.reporters.JUnitReportReporter -->
<testsuite skipped="0" hostname="LAPTOP-1KSTCKU3" name="dummy.googleSearch" tests="1" failures="0" timestamp="2021-07-23T14:39:18 IST" time="10.741" errors="0">
  <testcase name="gsearch" time="10.741" classname="dummy.googleSearch"/>
  <system-out/>
</testsuite> <!-- dummy.googleSearch -->
